<?xml version="1.0" encoding="UTF-8"?>
<!-- Generated by org.testng.reporters.JUnitReportReporter -->
<testsuite skipped="0" hostname="LAPTOP-C1873E79" name="ethoca_project.BuyMagicMouse" tests="1" failures="0" timestamp="15 Dec 2018 14:45:17 GMT" time="145.841" errors="0">
  <testcase name="positiveE2ETestCase" time="145.841" classname="ethoca_project.BuyMagicMouse"/>
</testsuite> <!-- ethoca_project.BuyMagicMouse -->
